AndroidDev/m8-assignment-calculator-skeleton/app/build/intermediates/manifest_merge_blame_file/release/manifest-merger-blame-release-report.txt
1<?xml version="1.0" encoding="utf-8"?>
2<manifest xmlns:android="http://schemas.android.com/apk/res/android"
3    package="mooc.vandy.java4android.calculator"
4    android:versionCode="1"
5    android:versionName="1.0" >
6
7    <uses-sdk
8        android:minSdkVersion="22"
8-->src/main/AndroidManifest.xml
9        android:targetSdkVersion="22" />
9-->src/main/AndroidManifest.xml
10
11    <application
11-->src/main/AndroidManifest.xml:5:5-17:19
12        android:allowBackup="true"
12-->src/main/AndroidManifest.xml:6:9-35
13        android:icon="@mipmap/ic_launcher"
13-->src/main/AndroidManifest.xml:7:9-43
14        android:label="@string/app_name"
14-->src/main/AndroidManifest.xml:8:9-41
15        android:supportsRtl="true" >
15-->src/main/AndroidManifest.xml:9:9-35
16        <activity android:name="mooc.vandy.java4android.calculator.ui.MainActivity" >
16-->src/main/AndroidManifest.xml:11:9-16:20
16-->src/main/AndroidManifest.xml:11:19-50
17            <intent-filter>
17-->src/main/AndroidManifest.xml:12:13-15:29
18                <action android:name="android.intent.action.MAIN" />
18-->src/main/AndroidManifest.xml:13:17-69
18-->src/main/AndroidManifest.xml:13:25-66
19
20                <category android:name="android.intent.category.LAUNCHER" />
20-->src/main/AndroidManifest.xml:14:17-77
20-->src/main/AndroidManifest.xml:14:27-74
21            </intent-filter>
22        </activity>
23    </application>
24
25</manifest>